#
# A fatal error has been detected by the Java Runtime Environment:
#
#  Internal Error (classFileParser.cpp:3494), pid=9922, tid=140538478171904
#  Error: ShouldNotReachHere()
#
# JRE version: 6.0_27-b27
# Java VM: OpenJDK 64-Bit Server VM (20.0-b12 mixed mode linux-amd64 compressed oops)
# Derivative: IcedTea6 1.12.6
# Distribution: Ubuntu 12.04 LTS, package 6b27-1.12.6-1ubuntu0.12.04.4
# If you would like to submit a bug report, please include
# instructions how to reproduce the bug and visit:
#   https://bugs.launchpad.net/ubuntu/+source/openjdk-6/
#

---------------  T H R E A D  ---------------

Current thread (0x00007fd1a0008000):  JavaThread "Unknown thread" [_thread_in_vm, id=9927, stack(0x00007fd1aa019000,0x00007fd1aa11a000)]

Stack: [0x00007fd1aa019000,0x00007fd1aa11a000],  sp=0x00007fd1aa118080,  free space=1020k
Native frames: (J=compiled Java code, j=interpreted, Vv=VM code, C=native code)
V  [libjvm.so+0x782b85]  VMError::report(outputStream*)+0x1255
V  [libjvm.so+0x782e09]  VMError::report_and_die()+0x169
V  [libjvm.so+0x3ba51a]  report_vm_error(char const*, int, char const*, char const*)+0x4a
V  [libjvm.so+0x3508f5]  ClassFileParser::parseClassFile(symbolHandle, Handle, Handle, KlassHandle, GrowableArray<Handle>*, symbolHandle&, bool, Thread*)+0x1555
V  [libjvm.so+0x354b63]  ClassLoader::load_classfile(symbolHandle, Thread*)+0x1f3
V  [libjvm.so+0x71ad84]  SystemDictionary::load_instance_class(symbolHandle, Handle, Thread*)+0x354
V  [libjvm.so+0x719480]  SystemDictionary::resolve_instance_class_or_null(symbolHandle, Handle, Handle, Thread*)+0x7c0
V  [libjvm.so+0x71b413]  SystemDictionary::resolve_or_fail(symbolHandle, Handle, Handle, bool, Thread*)+0x33
V  [libjvm.so+0x71b4f4]  SystemDictionary::resolve_or_fail(symbolHandle, bool, Thread*)+0x14
V  [libjvm.so+0x71b5a0]  SystemDictionary::initialize_wk_klass(SystemDictionary::WKID, int, Thread*)+0xa0
V  [libjvm.so+0x71b609]  SystemDictionary::initialize_wk_klasses_until(SystemDictionary::WKID, SystemDictionary::WKID&, Thread*)+0x59
V  [libjvm.so+0x71b701]  SystemDictionary::initialize_preloaded_classes(Thread*)+0x71
V  [libjvm.so+0x75ee1f]  Universe::genesis(Thread*)+0x11f
V  [libjvm.so+0x75f7cf]  universe2_init()+0x1f
V  [libjvm.so+0x472de5]  init_globals()+0x95
V  [libjvm.so+0x74961a]  Threads::create_vm(JavaVMInitArgs*, bool*)+0x1ea
V  [libjvm.so+0x4cccb1]  JNI_CreateJavaVM+0x61
C  [java+0x31ae]  JavaMain+0x7e


---------------  P R O C E S S  ---------------

Java Threads: ( => current thread )

Other Threads:

=>0x00007fd1a0008000 (exited) JavaThread "Unknown thread" [_thread_in_vm, id=9927, stack(0x00007fd1aa019000,0x00007fd1aa11a000)]

VM state:not at safepoint (not fully initialized)

VM Mutex/Monitor currently owned by a thread: None

Dynamic libraries:
00400000-00409000 r-xp 00000000 07:00 3017613                            /usr/lib/jvm/java-6-openjdk-amd64/jre/bin/java
00608000-00609000 r--p 00008000 07:00 3017613                            /usr/lib/jvm/java-6-openjdk-amd64/jre/bin/java
00609000-0060a000 rw-p 00009000 07:00 3017613                            /usr/lib/jvm/java-6-openjdk-amd64/jre/bin/java
0174c000-0176d000 rw-p 00000000 00:00 0                                  [heap]
b9200000-ba6c0000 rw-p 00000000 00:00 0 
ba6c0000-c3800000 rw-p 00000000 00:00 0 
c3800000-c6050000 rw-p 00000000 00:00 0 
c6050000-ebd60000 rw-p 00000000 00:00 0 
ebd60000-ed180000 rw-p 00000000 00:00 0 
ed180000-100000000 rw-p 00000000 00:00 0 
7fd188000000-7fd188021000 rw-p 00000000 00:00 0 
7fd188021000-7fd18c000000 ---p 00000000 00:00 0 
7fd190000000-7fd190021000 rw-p 00000000 00:00 0 
7fd190021000-7fd194000000 ---p 00000000 00:00 0 
7fd194000000-7fd194021000 rw-p 00000000 00:00 0 
7fd194021000-7fd198000000 ---p 00000000 00:00 0 
7fd198000000-7fd198021000 rw-p 00000000 00:00 0 
7fd198021000-7fd19c000000 ---p 00000000 00:00 0 
7fd19d000000-7fd19d270000 rwxp 00000000 00:00 0 
7fd19d270000-7fd1a0080000 rw-p 00000000 00:00 0 
7fd1a0080000-7fd1a4000000 ---p 00000000 00:00 0 
7fd1a65ff000-7fd1a66c5000 r--s 0116f000 07:00 9049388                    /home/tguinard/android-sdks/platforms/android-17/android.jar
7fd1a66c5000-7fd1a66ed000 rw-p 00000000 00:00 0 
7fd1a66ed000-7fd1a66ee000 ---p 00000000 00:00 0 
7fd1a66ee000-7fd1a67ee000 rw-p 00000000 00:00 0 
7fd1a67ee000-7fd1a67ef000 ---p 00000000 00:00 0 
7fd1a67ef000-7fd1a68ef000 rw-p 00000000 00:00 0 
7fd1a68ef000-7fd1a68f0000 ---p 00000000 00:00 0 
7fd1a68f0000-7fd1a69f0000 rw-p 00000000 00:00 0 
7fd1a69f0000-7fd1a69f1000 ---p 00000000 00:00 0 
7fd1a69f1000-7fd1a6afc000 rw-p 00000000 00:00 0 
7fd1a6afc000-7fd1a6b44000 rw-p 00000000 00:00 0 
7fd1a6b44000-7fd1a6b59000 rw-p 00000000 00:00 0 
7fd1a6b59000-7fd1a6c87000 rw-p 00000000 00:00 0 
7fd1a6c87000-7fd1a6c92000 rw-p 00000000 00:00 0 
7fd1a6c92000-7fd1a6cda000 rw-p 00000000 00:00 0 
7fd1a6cda000-7fd1a6cef000 rw-p 00000000 00:00 0 
7fd1a6cef000-7fd1a6e1c000 rw-p 00000000 00:00 0 
7fd1a6e1c000-7fd1a6e27000 rw-p 00000000 00:00 0 
7fd1a6e27000-7fd1a6ebe000 rw-p 00000000 00:00 0 
7fd1a6ebe000-7fd1a6ebf000 rw-p 00000000 00:00 0 
7fd1a6ebf000-7fd1a6ec6000 r-xp 00000000 07:00 3017143                    /usr/lib/jvm/java-6-openjdk-amd64/jre/lib/amd64/libzip.so
7fd1a6ec6000-7fd1a70c5000 ---p 00007000 07:00 3017143                    /usr/lib/jvm/java-6-openjdk-amd64/jre/lib/amd64/libzip.so
7fd1a70c5000-7fd1a70c6000 r--p 00006000 07:00 3017143                    /usr/lib/jvm/java-6-openjdk-amd64/jre/lib/amd64/libzip.so
7fd1a70c6000-7fd1a70c7000 rw-p 00007000 07:00 3017143                    /usr/lib/jvm/java-6-openjdk-amd64/jre/lib/amd64/libzip.so
7fd1a70c7000-7fd1a70d3000 r-xp 00000000 07:00 13373924                   /lib/x86_64-linux-gnu/libnss_files-2.15.so
7fd1a70d3000-7fd1a72d2000 ---p 0000c000 07:00 13373924                   /lib/x86_64-linux-gnu/libnss_files-2.15.so
7fd1a72d2000-7fd1a72d3000 r--p 0000b000 07:00 13373924                   /lib/x86_64-linux-gnu/libnss_files-2.15.so
7fd1a72d3000-7fd1a72d4000 rw-p 0000c000 07:00 13373924                   /lib/x86_64-linux-gnu/libnss_files-2.15.so
7fd1a72d4000-7fd1a72de000 r-xp 00000000 07:00 13373928                   /lib/x86_64-linux-gnu/libnss_nis-2.15.so
7fd1a72de000-7fd1a74de000 ---p 0000a000 07:00 13373928                   /lib/x86_64-linux-gnu/libnss_nis-2.15.so
7fd1a74de000-7fd1a74df000 r--p 0000a000 07:00 13373928                   /lib/x86_64-linux-gnu/libnss_nis-2.15.so
7fd1a74df000-7fd1a74e0000 rw-p 0000b000 07:00 13373928                   /lib/x86_64-linux-gnu/libnss_nis-2.15.so
7fd1a74e0000-7fd1a74f7000 r-xp 00000000 07:00 13373940                   /lib/x86_64-linux-gnu/libnsl-2.15.so
7fd1a74f7000-7fd1a76f6000 ---p 00017000 07:00 13373940                   /lib/x86_64-linux-gnu/libnsl-2.15.so
7fd1a76f6000-7fd1a76f7000 r--p 00016000 07:00 13373940                   /lib/x86_64-linux-gnu/libnsl-2.15.so
7fd1a76f7000-7fd1a76f8000 rw-p 00017000 07:00 13373940                   /lib/x86_64-linux-gnu/libnsl-2.15.so
7fd1a76f8000-7fd1a76fa000 rw-p 00000000 00:00 0 
7fd1a76fa000-7fd1a7702000 r-xp 00000000 07:00 13373922                   /lib/x86_64-linux-gnu/libnss_compat-2.15.so
7fd1a7702000-7fd1a7901000 ---p 00008000 07:00 13373922                   /lib/x86_64-linux-gnu/libnss_compat-2.15.so
7fd1a7901000-7fd1a7902000 r--p 00007000 07:00 13373922                   /lib/x86_64-linux-gnu/libnss_compat-2.15.so
7fd1a7902000-7fd1a7903000 rw-p 00008000 07:00 13373922                   /lib/x86_64-linux-gnu/libnss_compat-2.15.so
7fd1a7903000-7fd1a792f000 r-xp 00000000 07:00 3017049                    /usr/lib/jvm/java-6-openjdk-amd64/jre/lib/amd64/libjava.so
7fd1a792f000-7fd1a7b2e000 ---p 0002c000 07:00 3017049                    /usr/lib/jvm/java-6-openjdk-amd64/jre/lib/amd64/libjava.so
7fd1a7b2e000-7fd1a7b2f000 r--p 0002b000 07:00 3017049                    /usr/lib/jvm/java-6-openjdk-amd64/jre/lib/amd64/libjava.so
7fd1a7b2f000-7fd1a7b32000 rw-p 0002c000 07:00 3017049                    /usr/lib/jvm/java-6-openjdk-amd64/jre/lib/amd64/libjava.so
7fd1a7b32000-7fd1a7b40000 r-xp 00000000 07:00 3017161                    /usr/lib/jvm/java-6-openjdk-amd64/jre/lib/amd64/libverify.so
7fd1a7b40000-7fd1a7d3f000 ---p 0000e000 07:00 3017161                    /usr/lib/jvm/java-6-openjdk-amd64/jre/lib/amd64/libverify.so
7fd1a7d3f000-7fd1a7d41000 r--p 0000d000 07:00 3017161                    /usr/lib/jvm/java-6-openjdk-amd64/jre/lib/amd64/libverify.so
7fd1a7d41000-7fd1a7d42000 rw-p 0000f000 07:00 3017161                    /usr/lib/jvm/java-6-openjdk-amd64/jre/lib/amd64/libverify.so
7fd1a7d42000-7fd1a7d49000 r-xp 00000000 07:00 13373927                   /lib/x86_64-linux-gnu/librt-2.15.so
7fd1a7d49000-7fd1a7f48000 ---p 00007000 07:00 13373927                   /lib/x86_64-linux-gnu/librt-2.15.so
7fd1a7f48000-7fd1a7f49000 r--p 00006000 07:00 13373927                   /lib/x86_64-linux-gnu/librt-2.15.so
7fd1a7f49000-7fd1a7f4a000 rw-p 00007000 07:00 13373927                   /lib/x86_64-linux-gnu/librt-2.15.so
7fd1a7f4a000-7fd1a7f5f000 r-xp 00000000 07:00 13373771                   /lib/x86_64-linux-gnu/libgcc_s.so.1
7fd1a7f5f000-7fd1a815e000 ---p 00015000 07:00 13373771                   /lib/x86_64-linux-gnu/libgcc_s.so.1
7fd1a815e000-7fd1a815f000 r--p 00014000 07:00 13373771                   /lib/x86_64-linux-gnu/libgcc_s.so.1
7fd1a815f000-7fd1a8160000 rw-p 00015000 07:00 13373771                   /lib/x86_64-linux-gnu/libgcc_s.so.1
7fd1a8160000-7fd1a825b000 r-xp 00000000 07:00 13373931                   /lib/x86_64-linux-gnu/libm-2.15.so
7fd1a825b000-7fd1a845a000 ---p 000fb000 07:00 13373931                   /lib/x86_64-linux-gnu/libm-2.15.so
7fd1a845a000-7fd1a845b000 r--p 000fa000 07:00 13373931                   /lib/x86_64-linux-gnu/libm-2.15.so
7fd1a845b000-7fd1a845c000 rw-p 000fb000 07:00 13373931                   /lib/x86_64-linux-gnu/libm-2.15.so
7fd1a845c000-7fd1a853e000 r-xp 00000000 07:00 2763181                    /usr/lib/x86_64-linux-gnu/libstdc++.so.6.0.16
7fd1a853e000-7fd1a873d000 ---p 000e2000 07:00 2763181                    /usr/lib/x86_64-linux-gnu/libstdc++.so.6.0.16
7fd1a873d000-7fd1a8745000 r--p 000e1000 07:00 2763181                    /usr/lib/x86_64-linux-gnu/libstdc++.so.6.0.16
7fd1a8745000-7fd1a8747000 rw-p 000e9000 07:00 2763181                    /usr/lib/x86_64-linux-gnu/libstdc++.so.6.0.16
7fd1a8747000-7fd1a875c000 rw-p 00000000 00:00 0 
7fd1a875c000-7fd1a905c000 r-xp 00000000 07:00 3017594                    /usr/lib/jvm/java-6-openjdk-amd64/jre/lib/amd64/server/libjvm.so
7fd1a905c000-7fd1a925c000 ---p 00900000 07:00 3017594                    /usr/lib/jvm/java-6-openjdk-amd64/jre/lib/amd64/server/libjvm.so
7fd1a925c000-7fd1a92dd000 r--p 00900000 07:00 3017594                    /usr/lib/jvm/java-6-openjdk-amd64/jre/lib/amd64/server/libjvm.so
7fd1a92dd000-7fd1a92f8000 rw-p 00981000 07:00 3017594                    /usr/lib/jvm/java-6-openjdk-amd64/jre/lib/amd64/server/libjvm.so
7fd1a92f8000-7fd1a9321000 rw-p 00000000 00:00 0 
7fd1a9321000-7fd1a9337000 r-xp 00000000 07:00 13373818                   /lib/x86_64-linux-gnu/libz.so.1.2.3.4
7fd1a9337000-7fd1a9536000 ---p 00016000 07:00 13373818                   /lib/x86_64-linux-gnu/libz.so.1.2.3.4
7fd1a9536000-7fd1a9537000 r--p 00015000 07:00 13373818                   /lib/x86_64-linux-gnu/libz.so.1.2.3.4
7fd1a9537000-7fd1a9538000 rw-p 00016000 07:00 13373818                   /lib/x86_64-linux-gnu/libz.so.1.2.3.4
7fd1a9538000-7fd1a96ed000 r-xp 00000000 07:00 13373920                   /lib/x86_64-linux-gnu/libc-2.15.so
7fd1a96ed000-7fd1a98ed000 ---p 001b5000 07:00 13373920                   /lib/x86_64-linux-gnu/libc-2.15.so
7fd1a98ed000-7fd1a98f1000 r--p 001b5000 07:00 13373920                   /lib/x86_64-linux-gnu/libc-2.15.so
7fd1a98f1000-7fd1a98f3000 rw-p 001b9000 07:00 13373920                   /lib/x86_64-linux-gnu/libc-2.15.so
7fd1a98f3000-7fd1a98f8000 rw-p 00000000 00:00 0 
7fd1a98f8000-7fd1a98fa000 r-xp 00000000 07:00 13373935                   /lib/x86_64-linux-gnu/libdl-2.15.so
7fd1a98fa000-7fd1a9afa000 ---p 00002000 07:00 13373935                   /lib/x86_64-linux-gnu/libdl-2.15.so
7fd1a9afa000-7fd1a9afb000 r--p 00002000 07:00 13373935                   /lib/x86_64-linux-gnu/libdl-2.15.so
7fd1a9afb000-7fd1a9afc000 rw-p 00003000 07:00 13373935                   /lib/x86_64-linux-gnu/libdl-2.15.so
7fd1a9afc000-7fd1a9b00000 r-xp 00000000 07:00 3017599                    /usr/lib/jvm/java-6-openjdk-amd64/jre/lib/amd64/jli/libjli.so
7fd1a9b00000-7fd1a9cff000 ---p 00004000 07:00 3017599                    /usr/lib/jvm/java-6-openjdk-amd64/jre/lib/amd64/jli/libjli.so
7fd1a9cff000-7fd1a9d00000 r--p 00003000 07:00 3017599                    /usr/lib/jvm/java-6-openjdk-amd64/jre/lib/amd64/jli/libjli.so
7fd1a9d00000-7fd1a9d01000 rw-p 00004000 07:00 3017599                    /usr/lib/jvm/java-6-openjdk-amd64/jre/lib/amd64/jli/libjli.so
7fd1a9d01000-7fd1a9d19000 r-xp 00000000 07:00 13373929                   /lib/x86_64-linux-gnu/libpthread-2.15.so
7fd1a9d19000-7fd1a9f18000 ---p 00018000 07:00 13373929                   /lib/x86_64-linux-gnu/libpthread-2.15.so
7fd1a9f18000-7fd1a9f19000 r--p 00017000 07:00 13373929                   /lib/x86_64-linux-gnu/libpthread-2.15.so
7fd1a9f19000-7fd1a9f1a000 rw-p 00018000 07:00 13373929                   /lib/x86_64-linux-gnu/libpthread-2.15.so
7fd1a9f1a000-7fd1a9f1e000 rw-p 00000000 00:00 0 
7fd1a9f1e000-7fd1a9f40000 r-xp 00000000 07:00 13373932                   /lib/x86_64-linux-gnu/ld-2.15.so
7fd1a9f59000-7fd1a9f63000 rw-p 00000000 00:00 0 
7fd1a9f63000-7fd1aa019000 rw-p 00000000 00:00 0 
7fd1aa019000-7fd1aa01c000 ---p 00000000 00:00 0 
7fd1aa01c000-7fd1aa11f000 rw-p 00000000 00:00 0 
7fd1aa134000-7fd1aa13c000 rw-s 00000000 07:00 13766294                   /tmp/hsperfdata_tguinard/9922
7fd1aa13c000-7fd1aa13d000 rw-p 00000000 00:00 0 
7fd1aa13d000-7fd1aa13e000 r--p 00000000 00:00 0 
7fd1aa13e000-7fd1aa140000 rw-p 00000000 00:00 0 
7fd1aa140000-7fd1aa141000 r--p 00022000 07:00 13373932                   /lib/x86_64-linux-gnu/ld-2.15.so
7fd1aa141000-7fd1aa143000 rw-p 00023000 07:00 13373932                   /lib/x86_64-linux-gnu/ld-2.15.so
7fff380ec000-7fff3810d000 rw-p 00000000 00:00 0                          [stack]
7fff381ff000-7fff38200000 r-xp 00000000 00:00 0                          [vdso]
ffffffffff600000-ffffffffff601000 r-xp 00000000 00:00 0                  [vsyscall]

VM Arguments:
jvm_args: -Dfile.encoding=UTF-8 -Xbootclasspath:/home/tguinard/android-sdks/platforms/android-17/android.jar:/home/tguinard/android-sdks/add-ons/addon-google_apis-google-17/libs/effects.jar:/home/tguinard/android-sdks/add-ons/addon-google_apis-google-17/libs/usb.jar:/home/tguinard/android-sdks/add-ons/addon-google_apis-google-17/libs/maps.jar 
java_command: com.cs326.team5.qr_labyrinth.Test
Launcher Type: SUN_STANDARD

Environment Variables:
PATH=/usr/lib/lightdm/lightdm:/usr/local/sbin:/usr/local/bin:/usr/sbin:/usr/bin:/sbin:/bin:/usr/games:/opt/android-sdk-linux/tools:/opt/android-sdk-linux/platform-tools
LD_LIBRARY_PATH=/usr/lib/jvm/java-6-openjdk-amd64/jre/lib/amd64/server:/usr/lib/jvm/java-6-openjdk-amd64/jre/lib/amd64:/usr/lib/jvm/java-6-openjdk-amd64/jre/../lib/amd64
SHELL=/bin/bash
DISPLAY=:0

Signal Handlers:
SIGSEGV: [libjvm.so+0x7837c0], sa_mask[0]=0x7ffbfeff, sa_flags=0x10000004
SIGBUS: [libjvm.so+0x7837c0], sa_mask[0]=0x7ffbfeff, sa_flags=0x10000004
SIGFPE: [libjvm.so+0x647740], sa_mask[0]=0x7ffbfeff, sa_flags=0x10000004
SIGPIPE: [libjvm.so+0x647740], sa_mask[0]=0x7ffbfeff, sa_flags=0x10000004
SIGXFSZ: [libjvm.so+0x647740], sa_mask[0]=0x7ffbfeff, sa_flags=0x10000004
SIGILL: [libjvm.so+0x647740], sa_mask[0]=0x7ffbfeff, sa_flags=0x10000004
SIGUSR1: SIG_DFL, sa_mask[0]=0x00000000, sa_flags=0x00000000
SIGUSR2: [libjvm.so+0x647920], sa_mask[0]=0x00000004, sa_flags=0x10000004
SIGHUP: SIG_DFL, sa_mask[0]=0x00000000, sa_flags=0x00000000
SIGINT: SIG_DFL, sa_mask[0]=0x00000000, sa_flags=0x00000000
SIGTERM: SIG_DFL, sa_mask[0]=0x00000000, sa_flags=0x00000000
SIGQUIT: SIG_DFL, sa_mask[0]=0x00000000, sa_flags=0x00000000


---------------  S Y S T E M  ---------------

OS:Ubuntu 12.04 (precise)
uname:Linux 3.2.0-58-generic #88-Ubuntu SMP Tue Dec 3 17:37:58 UTC 2013 x86_64
libc:glibc 2.15 NPTL 2.15 
rlimit: STACK 8192k, CORE 0k, NPROC 30785, NOFILE 4096, AS infinity
load average:0.67 0.48 0.52

/proc/meminfo:
MemTotal:        3958160 kB
MemFree:          165292 kB
Buffers:          917580 kB
Cached:          1392052 kB
SwapCached:          736 kB
Active:          1968120 kB
Inactive:        1576500 kB
Active(anon):    1115928 kB
Inactive(anon):   423596 kB
Active(file):     852192 kB
Inactive(file):  1152904 kB
Unevictable:        2680 kB
Mlocked:               0 kB
SwapTotal:        262140 kB
SwapFree:         259252 kB
Dirty:              5232 kB
Writeback:             0 kB
AnonPages:       1236896 kB
Mapped:           131348 kB
Shmem:            301856 kB
Slab:             140076 kB
SReclaimable:     104956 kB
SUnreclaim:        35120 kB
KernelStack:        3560 kB
PageTables:        27076 kB
NFS_Unstable:          0 kB
Bounce:                0 kB
WritebackTmp:          0 kB
CommitLimit:     2241220 kB
Committed_AS:    3659400 kB
VmallocTotal:   34359738367 kB
VmallocUsed:      358880 kB
VmallocChunk:   34359333912 kB
HardwareCorrupted:     0 kB
AnonHugePages:         0 kB
HugePages_Total:       0
HugePages_Free:        0
HugePages_Rsvd:        0
HugePages_Surp:        0
Hugepagesize:       2048 kB
DirectMap4k:       53248 kB
DirectMap2M:     4057088 kB


CPU:total 4 (2 cores per cpu, 2 threads per core) family 6 model 42 stepping 7, cmov, cx8, fxsr, mmx, sse, sse2, sse3, ssse3, sse4.1, sse4.2, popcnt, ht

Memory: 4k page, physical 3958160k(165292k free), swap 262140k(259252k free)

vm_info: OpenJDK 64-Bit Server VM (20.0-b12) for linux-amd64 JRE (1.6.0_27-b27), built on Nov 16 2013 15:13:05 by "buildd" with gcc 4.6.3

time: Thu Apr 17 21:16:51 2014
elapsed time: 0 seconds

