#
# A fatal error has been detected by the Java Runtime Environment:
#
#  Internal Error (classFileParser.cpp:3494), pid=9900, tid=140445821376256
#  Error: ShouldNotReachHere()
#
# JRE version: 6.0_27-b27
# Java VM: OpenJDK 64-Bit Server VM (20.0-b12 mixed mode linux-amd64 compressed oops)
# Derivative: IcedTea6 1.12.6
# Distribution: Ubuntu 12.04 LTS, package 6b27-1.12.6-1ubuntu0.12.04.4
# If you would like to submit a bug report, please include
# instructions how to reproduce the bug and visit:
#   https://bugs.launchpad.net/ubuntu/+source/openjdk-6/
#

---------------  T H R E A D  ---------------

Current thread (0x00007fbc10008000):  JavaThread "Unknown thread" [_thread_in_vm, id=9905, stack(0x00007fbc173b1000,0x00007fbc174b2000)]

Stack: [0x00007fbc173b1000,0x00007fbc174b2000],  sp=0x00007fbc174b0080,  free space=1020k
Native frames: (J=compiled Java code, j=interpreted, Vv=VM code, C=native code)
V  [libjvm.so+0x782b85]  VMError::report(outputStream*)+0x1255
V  [libjvm.so+0x782e09]  VMError::report_and_die()+0x169
V  [libjvm.so+0x3ba51a]  report_vm_error(char const*, int, char const*, char const*)+0x4a
V  [libjvm.so+0x3508f5]  ClassFileParser::parseClassFile(symbolHandle, Handle, Handle, KlassHandle, GrowableArray<Handle>*, symbolHandle&, bool, Thread*)+0x1555
V  [libjvm.so+0x354b63]  ClassLoader::load_classfile(symbolHandle, Thread*)+0x1f3
V  [libjvm.so+0x71ad84]  SystemDictionary::load_instance_class(symbolHandle, Handle, Thread*)+0x354
V  [libjvm.so+0x719480]  SystemDictionary::resolve_instance_class_or_null(symbolHandle, Handle, Handle, Thread*)+0x7c0
V  [libjvm.so+0x71b413]  SystemDictionary::resolve_or_fail(symbolHandle, Handle, Handle, bool, Thread*)+0x33
V  [libjvm.so+0x71b4f4]  SystemDictionary::resolve_or_fail(symbolHandle, bool, Thread*)+0x14
V  [libjvm.so+0x71b5a0]  SystemDictionary::initialize_wk_klass(SystemDictionary::WKID, int, Thread*)+0xa0
V  [libjvm.so+0x71b609]  SystemDictionary::initialize_wk_klasses_until(SystemDictionary::WKID, SystemDictionary::WKID&, Thread*)+0x59
V  [libjvm.so+0x71b701]  SystemDictionary::initialize_preloaded_classes(Thread*)+0x71
V  [libjvm.so+0x75ee1f]  Universe::genesis(Thread*)+0x11f
V  [libjvm.so+0x75f7cf]  universe2_init()+0x1f
V  [libjvm.so+0x472de5]  init_globals()+0x95
V  [libjvm.so+0x74961a]  Threads::create_vm(JavaVMInitArgs*, bool*)+0x1ea
V  [libjvm.so+0x4cccb1]  JNI_CreateJavaVM+0x61
C  [java+0x31ae]  JavaMain+0x7e


---------------  P R O C E S S  ---------------

Java Threads: ( => current thread )

Other Threads:

=>0x00007fbc10008000 (exited) JavaThread "Unknown thread" [_thread_in_vm, id=9905, stack(0x00007fbc173b1000,0x00007fbc174b2000)]

VM state:not at safepoint (not fully initialized)

VM Mutex/Monitor currently owned by a thread: None

Dynamic libraries:
00400000-00409000 r-xp 00000000 07:00 3017613                            /usr/lib/jvm/java-6-openjdk-amd64/jre/bin/java
00608000-00609000 r--p 00008000 07:00 3017613                            /usr/lib/jvm/java-6-openjdk-amd64/jre/bin/java
00609000-0060a000 rw-p 00009000 07:00 3017613                            /usr/lib/jvm/java-6-openjdk-amd64/jre/bin/java
007c9000-007ea000 rw-p 00000000 00:00 0                                  [heap]
b9200000-ba6c0000 rw-p 00000000 00:00 0 
ba6c0000-c3800000 rw-p 00000000 00:00 0 
c3800000-c6050000 rw-p 00000000 00:00 0 
c6050000-ebd60000 rw-p 00000000 00:00 0 
ebd60000-ed180000 rw-p 00000000 00:00 0 
ed180000-100000000 rw-p 00000000 00:00 0 
7fbbf8000000-7fbbf8021000 rw-p 00000000 00:00 0 
7fbbf8021000-7fbbfc000000 ---p 00000000 00:00 0 
7fbc00000000-7fbc00021000 rw-p 00000000 00:00 0 
7fbc00021000-7fbc04000000 ---p 00000000 00:00 0 
7fbc04000000-7fbc04021000 rw-p 00000000 00:00 0 
7fbc04021000-7fbc08000000 ---p 00000000 00:00 0 
7fbc08000000-7fbc08021000 rw-p 00000000 00:00 0 
7fbc08021000-7fbc0c000000 ---p 00000000 00:00 0 
7fbc0c978000-7fbc0ca3e000 r--s 0116f000 07:00 9049388                    /home/tguinard/android-sdks/platforms/android-17/android.jar
7fbc0ca3e000-7fbc0ca66000 rw-p 00000000 00:00 0 
7fbc0ca66000-7fbc0ca67000 ---p 00000000 00:00 0 
7fbc0ca67000-7fbc0cb67000 rw-p 00000000 00:00 0 
7fbc0cb67000-7fbc0cb68000 ---p 00000000 00:00 0 
7fbc0cb68000-7fbc0cc68000 rw-p 00000000 00:00 0 
7fbc0cc68000-7fbc0cc69000 ---p 00000000 00:00 0 
7fbc0cc69000-7fbc0cd69000 rw-p 00000000 00:00 0 
7fbc0cd69000-7fbc0cd6a000 ---p 00000000 00:00 0 
7fbc0cd6a000-7fbc0ce75000 rw-p 00000000 00:00 0 
7fbc0ce75000-7fbc0cebd000 rw-p 00000000 00:00 0 
7fbc0cebd000-7fbc0ced2000 rw-p 00000000 00:00 0 
7fbc0ced2000-7fbc0d000000 rw-p 00000000 00:00 0 
7fbc0d000000-7fbc0d270000 rwxp 00000000 00:00 0 
7fbc0d270000-7fbc10080000 rw-p 00000000 00:00 0 
7fbc10080000-7fbc14000000 ---p 00000000 00:00 0 
7fbc1401f000-7fbc1402a000 rw-p 00000000 00:00 0 
7fbc1402a000-7fbc14072000 rw-p 00000000 00:00 0 
7fbc14072000-7fbc14087000 rw-p 00000000 00:00 0 
7fbc14087000-7fbc141b4000 rw-p 00000000 00:00 0 
7fbc141b4000-7fbc141bf000 rw-p 00000000 00:00 0 
7fbc141bf000-7fbc14256000 rw-p 00000000 00:00 0 
7fbc14256000-7fbc14257000 rw-p 00000000 00:00 0 
7fbc14257000-7fbc1425e000 r-xp 00000000 07:00 3017143                    /usr/lib/jvm/java-6-openjdk-amd64/jre/lib/amd64/libzip.so
7fbc1425e000-7fbc1445d000 ---p 00007000 07:00 3017143                    /usr/lib/jvm/java-6-openjdk-amd64/jre/lib/amd64/libzip.so
7fbc1445d000-7fbc1445e000 r--p 00006000 07:00 3017143                    /usr/lib/jvm/java-6-openjdk-amd64/jre/lib/amd64/libzip.so
7fbc1445e000-7fbc1445f000 rw-p 00007000 07:00 3017143                    /usr/lib/jvm/java-6-openjdk-amd64/jre/lib/amd64/libzip.so
7fbc1445f000-7fbc1446b000 r-xp 00000000 07:00 13373924                   /lib/x86_64-linux-gnu/libnss_files-2.15.so
7fbc1446b000-7fbc1466a000 ---p 0000c000 07:00 13373924                   /lib/x86_64-linux-gnu/libnss_files-2.15.so
7fbc1466a000-7fbc1466b000 r--p 0000b000 07:00 13373924                   /lib/x86_64-linux-gnu/libnss_files-2.15.so
7fbc1466b000-7fbc1466c000 rw-p 0000c000 07:00 13373924                   /lib/x86_64-linux-gnu/libnss_files-2.15.so
7fbc1466c000-7fbc14676000 r-xp 00000000 07:00 13373928                   /lib/x86_64-linux-gnu/libnss_nis-2.15.so
7fbc14676000-7fbc14876000 ---p 0000a000 07:00 13373928                   /lib/x86_64-linux-gnu/libnss_nis-2.15.so
7fbc14876000-7fbc14877000 r--p 0000a000 07:00 13373928                   /lib/x86_64-linux-gnu/libnss_nis-2.15.so
7fbc14877000-7fbc14878000 rw-p 0000b000 07:00 13373928                   /lib/x86_64-linux-gnu/libnss_nis-2.15.so
7fbc14878000-7fbc1488f000 r-xp 00000000 07:00 13373940                   /lib/x86_64-linux-gnu/libnsl-2.15.so
7fbc1488f000-7fbc14a8e000 ---p 00017000 07:00 13373940                   /lib/x86_64-linux-gnu/libnsl-2.15.so
7fbc14a8e000-7fbc14a8f000 r--p 00016000 07:00 13373940                   /lib/x86_64-linux-gnu/libnsl-2.15.so
7fbc14a8f000-7fbc14a90000 rw-p 00017000 07:00 13373940                   /lib/x86_64-linux-gnu/libnsl-2.15.so
7fbc14a90000-7fbc14a92000 rw-p 00000000 00:00 0 
7fbc14a92000-7fbc14a9a000 r-xp 00000000 07:00 13373922                   /lib/x86_64-linux-gnu/libnss_compat-2.15.so
7fbc14a9a000-7fbc14c99000 ---p 00008000 07:00 13373922                   /lib/x86_64-linux-gnu/libnss_compat-2.15.so
7fbc14c99000-7fbc14c9a000 r--p 00007000 07:00 13373922                   /lib/x86_64-linux-gnu/libnss_compat-2.15.so
7fbc14c9a000-7fbc14c9b000 rw-p 00008000 07:00 13373922                   /lib/x86_64-linux-gnu/libnss_compat-2.15.so
7fbc14c9b000-7fbc14cc7000 r-xp 00000000 07:00 3017049                    /usr/lib/jvm/java-6-openjdk-amd64/jre/lib/amd64/libjava.so
7fbc14cc7000-7fbc14ec6000 ---p 0002c000 07:00 3017049                    /usr/lib/jvm/java-6-openjdk-amd64/jre/lib/amd64/libjava.so
7fbc14ec6000-7fbc14ec7000 r--p 0002b000 07:00 3017049                    /usr/lib/jvm/java-6-openjdk-amd64/jre/lib/amd64/libjava.so
7fbc14ec7000-7fbc14eca000 rw-p 0002c000 07:00 3017049                    /usr/lib/jvm/java-6-openjdk-amd64/jre/lib/amd64/libjava.so
7fbc14eca000-7fbc14ed8000 r-xp 00000000 07:00 3017161                    /usr/lib/jvm/java-6-openjdk-amd64/jre/lib/amd64/libverify.so
7fbc14ed8000-7fbc150d7000 ---p 0000e000 07:00 3017161                    /usr/lib/jvm/java-6-openjdk-amd64/jre/lib/amd64/libverify.so
7fbc150d7000-7fbc150d9000 r--p 0000d000 07:00 3017161                    /usr/lib/jvm/java-6-openjdk-amd64/jre/lib/amd64/libverify.so
7fbc150d9000-7fbc150da000 rw-p 0000f000 07:00 3017161                    /usr/lib/jvm/java-6-openjdk-amd64/jre/lib/amd64/libverify.so
7fbc150da000-7fbc150e1000 r-xp 00000000 07:00 13373927                   /lib/x86_64-linux-gnu/librt-2.15.so
7fbc150e1000-7fbc152e0000 ---p 00007000 07:00 13373927                   /lib/x86_64-linux-gnu/librt-2.15.so
7fbc152e0000-7fbc152e1000 r--p 00006000 07:00 13373927                   /lib/x86_64-linux-gnu/librt-2.15.so
7fbc152e1000-7fbc152e2000 rw-p 00007000 07:00 13373927                   /lib/x86_64-linux-gnu/librt-2.15.so
7fbc152e2000-7fbc152f7000 r-xp 00000000 07:00 13373771                   /lib/x86_64-linux-gnu/libgcc_s.so.1
7fbc152f7000-7fbc154f6000 ---p 00015000 07:00 13373771                   /lib/x86_64-linux-gnu/libgcc_s.so.1
7fbc154f6000-7fbc154f7000 r--p 00014000 07:00 13373771                   /lib/x86_64-linux-gnu/libgcc_s.so.1
7fbc154f7000-7fbc154f8000 rw-p 00015000 07:00 13373771                   /lib/x86_64-linux-gnu/libgcc_s.so.1
7fbc154f8000-7fbc155f3000 r-xp 00000000 07:00 13373931                   /lib/x86_64-linux-gnu/libm-2.15.so
7fbc155f3000-7fbc157f2000 ---p 000fb000 07:00 13373931                   /lib/x86_64-linux-gnu/libm-2.15.so
7fbc157f2000-7fbc157f3000 r--p 000fa000 07:00 13373931                   /lib/x86_64-linux-gnu/libm-2.15.so
7fbc157f3000-7fbc157f4000 rw-p 000fb000 07:00 13373931                   /lib/x86_64-linux-gnu/libm-2.15.so
7fbc157f4000-7fbc158d6000 r-xp 00000000 07:00 2763181                    /usr/lib/x86_64-linux-gnu/libstdc++.so.6.0.16
7fbc158d6000-7fbc15ad5000 ---p 000e2000 07:00 2763181                    /usr/lib/x86_64-linux-gnu/libstdc++.so.6.0.16
7fbc15ad5000-7fbc15add000 r--p 000e1000 07:00 2763181                    /usr/lib/x86_64-linux-gnu/libstdc++.so.6.0.16
7fbc15add000-7fbc15adf000 rw-p 000e9000 07:00 2763181                    /usr/lib/x86_64-linux-gnu/libstdc++.so.6.0.16
7fbc15adf000-7fbc15af4000 rw-p 00000000 00:00 0 
7fbc15af4000-7fbc163f4000 r-xp 00000000 07:00 3017594                    /usr/lib/jvm/java-6-openjdk-amd64/jre/lib/amd64/server/libjvm.so
7fbc163f4000-7fbc165f4000 ---p 00900000 07:00 3017594                    /usr/lib/jvm/java-6-openjdk-amd64/jre/lib/amd64/server/libjvm.so
7fbc165f4000-7fbc16675000 r--p 00900000 07:00 3017594                    /usr/lib/jvm/java-6-openjdk-amd64/jre/lib/amd64/server/libjvm.so
7fbc16675000-7fbc16690000 rw-p 00981000 07:00 3017594                    /usr/lib/jvm/java-6-openjdk-amd64/jre/lib/amd64/server/libjvm.so
7fbc16690000-7fbc166b9000 rw-p 00000000 00:00 0 
7fbc166b9000-7fbc166cf000 r-xp 00000000 07:00 13373818                   /lib/x86_64-linux-gnu/libz.so.1.2.3.4
7fbc166cf000-7fbc168ce000 ---p 00016000 07:00 13373818                   /lib/x86_64-linux-gnu/libz.so.1.2.3.4
7fbc168ce000-7fbc168cf000 r--p 00015000 07:00 13373818                   /lib/x86_64-linux-gnu/libz.so.1.2.3.4
7fbc168cf000-7fbc168d0000 rw-p 00016000 07:00 13373818                   /lib/x86_64-linux-gnu/libz.so.1.2.3.4
7fbc168d0000-7fbc16a85000 r-xp 00000000 07:00 13373920                   /lib/x86_64-linux-gnu/libc-2.15.so
7fbc16a85000-7fbc16c85000 ---p 001b5000 07:00 13373920                   /lib/x86_64-linux-gnu/libc-2.15.so
7fbc16c85000-7fbc16c89000 r--p 001b5000 07:00 13373920                   /lib/x86_64-linux-gnu/libc-2.15.so
7fbc16c89000-7fbc16c8b000 rw-p 001b9000 07:00 13373920                   /lib/x86_64-linux-gnu/libc-2.15.so
7fbc16c8b000-7fbc16c90000 rw-p 00000000 00:00 0 
7fbc16c90000-7fbc16c92000 r-xp 00000000 07:00 13373935                   /lib/x86_64-linux-gnu/libdl-2.15.so
7fbc16c92000-7fbc16e92000 ---p 00002000 07:00 13373935                   /lib/x86_64-linux-gnu/libdl-2.15.so
7fbc16e92000-7fbc16e93000 r--p 00002000 07:00 13373935                   /lib/x86_64-linux-gnu/libdl-2.15.so
7fbc16e93000-7fbc16e94000 rw-p 00003000 07:00 13373935                   /lib/x86_64-linux-gnu/libdl-2.15.so
7fbc16e94000-7fbc16e98000 r-xp 00000000 07:00 3017599                    /usr/lib/jvm/java-6-openjdk-amd64/jre/lib/amd64/jli/libjli.so
7fbc16e98000-7fbc17097000 ---p 00004000 07:00 3017599                    /usr/lib/jvm/java-6-openjdk-amd64/jre/lib/amd64/jli/libjli.so
7fbc17097000-7fbc17098000 r--p 00003000 07:00 3017599                    /usr/lib/jvm/java-6-openjdk-amd64/jre/lib/amd64/jli/libjli.so
7fbc17098000-7fbc17099000 rw-p 00004000 07:00 3017599                    /usr/lib/jvm/java-6-openjdk-amd64/jre/lib/amd64/jli/libjli.so
7fbc17099000-7fbc170b1000 r-xp 00000000 07:00 13373929                   /lib/x86_64-linux-gnu/libpthread-2.15.so
7fbc170b1000-7fbc172b0000 ---p 00018000 07:00 13373929                   /lib/x86_64-linux-gnu/libpthread-2.15.so
7fbc172b0000-7fbc172b1000 r--p 00017000 07:00 13373929                   /lib/x86_64-linux-gnu/libpthread-2.15.so
7fbc172b1000-7fbc172b2000 rw-p 00018000 07:00 13373929                   /lib/x86_64-linux-gnu/libpthread-2.15.so
7fbc172b2000-7fbc172b6000 rw-p 00000000 00:00 0 
7fbc172b6000-7fbc172d8000 r-xp 00000000 07:00 13373932                   /lib/x86_64-linux-gnu/ld-2.15.so
7fbc172f1000-7fbc172fb000 rw-p 00000000 00:00 0 
7fbc172fb000-7fbc173b1000 rw-p 00000000 00:00 0 
7fbc173b1000-7fbc173b4000 ---p 00000000 00:00 0 
7fbc173b4000-7fbc174b7000 rw-p 00000000 00:00 0 
7fbc174cc000-7fbc174d4000 rw-s 00000000 07:00 13766294                   /tmp/hsperfdata_tguinard/9900
7fbc174d4000-7fbc174d5000 rw-p 00000000 00:00 0 
7fbc174d5000-7fbc174d6000 r--p 00000000 00:00 0 
7fbc174d6000-7fbc174d8000 rw-p 00000000 00:00 0 
7fbc174d8000-7fbc174d9000 r--p 00022000 07:00 13373932                   /lib/x86_64-linux-gnu/ld-2.15.so
7fbc174d9000-7fbc174db000 rw-p 00023000 07:00 13373932                   /lib/x86_64-linux-gnu/ld-2.15.so
7fff99259000-7fff9927a000 rw-p 00000000 00:00 0                          [stack]
7fff9930e000-7fff9930f000 r-xp 00000000 00:00 0                          [vdso]
ffffffffff600000-ffffffffff601000 r-xp 00000000 00:00 0                  [vsyscall]

VM Arguments:
jvm_args: -Dfile.encoding=UTF-8 -Xbootclasspath:/home/tguinard/android-sdks/platforms/android-17/android.jar:/home/tguinard/android-sdks/add-ons/addon-google_apis-google-17/libs/effects.jar:/home/tguinard/android-sdks/add-ons/addon-google_apis-google-17/libs/usb.jar:/home/tguinard/android-sdks/add-ons/addon-google_apis-google-17/libs/maps.jar 
java_command: com.cs326.team5.qr_labyrinth.Test
Launcher Type: SUN_STANDARD

Environment Variables:
PATH=/usr/lib/lightdm/lightdm:/usr/local/sbin:/usr/local/bin:/usr/sbin:/usr/bin:/sbin:/bin:/usr/games:/opt/android-sdk-linux/tools:/opt/android-sdk-linux/platform-tools
LD_LIBRARY_PATH=/usr/lib/jvm/java-6-openjdk-amd64/jre/lib/amd64/server:/usr/lib/jvm/java-6-openjdk-amd64/jre/lib/amd64:/usr/lib/jvm/java-6-openjdk-amd64/jre/../lib/amd64
SHELL=/bin/bash
DISPLAY=:0

Signal Handlers:
SIGSEGV: [libjvm.so+0x7837c0], sa_mask[0]=0x7ffbfeff, sa_flags=0x10000004
SIGBUS: [libjvm.so+0x7837c0], sa_mask[0]=0x7ffbfeff, sa_flags=0x10000004
SIGFPE: [libjvm.so+0x647740], sa_mask[0]=0x7ffbfeff, sa_flags=0x10000004
SIGPIPE: [libjvm.so+0x647740], sa_mask[0]=0x7ffbfeff, sa_flags=0x10000004
SIGXFSZ: [libjvm.so+0x647740], sa_mask[0]=0x7ffbfeff, sa_flags=0x10000004
SIGILL: [libjvm.so+0x647740], sa_mask[0]=0x7ffbfeff, sa_flags=0x10000004
SIGUSR1: SIG_DFL, sa_mask[0]=0x00000000, sa_flags=0x00000000
SIGUSR2: [libjvm.so+0x647920], sa_mask[0]=0x00000004, sa_flags=0x10000004
SIGHUP: SIG_DFL, sa_mask[0]=0x00000000, sa_flags=0x00000000
SIGINT: SIG_DFL, sa_mask[0]=0x00000000, sa_flags=0x00000000
SIGTERM: SIG_DFL, sa_mask[0]=0x00000000, sa_flags=0x00000000
SIGQUIT: SIG_DFL, sa_mask[0]=0x00000000, sa_flags=0x00000000


---------------  S Y S T E M  ---------------

OS:Ubuntu 12.04 (precise)
uname:Linux 3.2.0-58-generic #88-Ubuntu SMP Tue Dec 3 17:37:58 UTC 2013 x86_64
libc:glibc 2.15 NPTL 2.15 
rlimit: STACK 8192k, CORE 0k, NPROC 30785, NOFILE 4096, AS infinity
load average:1.06 0.52 0.53

/proc/meminfo:
MemTotal:        3958160 kB
MemFree:          163640 kB
Buffers:          917168 kB
Cached:          1393732 kB
SwapCached:          736 kB
Active:          1968268 kB
Inactive:        1577764 kB
Active(anon):    1116084 kB
Inactive(anon):   425696 kB
Active(file):     852184 kB
Inactive(file):  1152068 kB
Unevictable:        2680 kB
Mlocked:               0 kB
SwapTotal:        262140 kB
SwapFree:         259252 kB
Dirty:              5128 kB
Writeback:             0 kB
AnonPages:       1237364 kB
Mapped:           131344 kB
Shmem:            303956 kB
Slab:             140040 kB
SReclaimable:     104952 kB
SUnreclaim:        35088 kB
KernelStack:        3536 kB
PageTables:        26920 kB
NFS_Unstable:          0 kB
Bounce:                0 kB
WritebackTmp:          0 kB
CommitLimit:     2241220 kB
Committed_AS:    3661852 kB
VmallocTotal:   34359738367 kB
VmallocUsed:      358920 kB
VmallocChunk:   34359333260 kB
HardwareCorrupted:     0 kB
AnonHugePages:         0 kB
HugePages_Total:       0
HugePages_Free:        0
HugePages_Rsvd:        0
HugePages_Surp:        0
Hugepagesize:       2048 kB
DirectMap4k:       53248 kB
DirectMap2M:     4057088 kB


CPU:total 4 (2 cores per cpu, 2 threads per core) family 6 model 42 stepping 7, cmov, cx8, fxsr, mmx, sse, sse2, sse3, ssse3, sse4.1, sse4.2, popcnt, ht

Memory: 4k page, physical 3958160k(163640k free), swap 262140k(259252k free)

vm_info: OpenJDK 64-Bit Server VM (20.0-b12) for linux-amd64 JRE (1.6.0_27-b27), built on Nov 16 2013 15:13:05 by "buildd" with gcc 4.6.3

time: Thu Apr 17 21:16:12 2014
elapsed time: 0 seconds

