#
# A fatal error has been detected by the Java Runtime Environment:
#
#  Internal Error (classFileParser.cpp:3494), pid=9831, tid=140708340287232
#  Error: ShouldNotReachHere()
#
# JRE version: 6.0_27-b27
# Java VM: OpenJDK 64-Bit Server VM (20.0-b12 mixed mode linux-amd64 compressed oops)
# Derivative: IcedTea6 1.12.6
# Distribution: Ubuntu 12.04 LTS, package 6b27-1.12.6-1ubuntu0.12.04.4
# If you would like to submit a bug report, please include
# instructions how to reproduce the bug and visit:
#   https://bugs.launchpad.net/ubuntu/+source/openjdk-6/
#

---------------  T H R E A D  ---------------

Current thread (0x00007ff930008000):  JavaThread "Unknown thread" [_thread_in_vm, id=9836, stack(0x00007ff93693c000,0x00007ff936a3d000)]

Stack: [0x00007ff93693c000,0x00007ff936a3d000],  sp=0x00007ff936a3b080,  free space=1020k
Native frames: (J=compiled Java code, j=interpreted, Vv=VM code, C=native code)
V  [libjvm.so+0x782b85]  VMError::report(outputStream*)+0x1255
V  [libjvm.so+0x782e09]  VMError::report_and_die()+0x169
V  [libjvm.so+0x3ba51a]  report_vm_error(char const*, int, char const*, char const*)+0x4a
V  [libjvm.so+0x3508f5]  ClassFileParser::parseClassFile(symbolHandle, Handle, Handle, KlassHandle, GrowableArray<Handle>*, symbolHandle&, bool, Thread*)+0x1555
V  [libjvm.so+0x354b63]  ClassLoader::load_classfile(symbolHandle, Thread*)+0x1f3
V  [libjvm.so+0x71ad84]  SystemDictionary::load_instance_class(symbolHandle, Handle, Thread*)+0x354
V  [libjvm.so+0x719480]  SystemDictionary::resolve_instance_class_or_null(symbolHandle, Handle, Handle, Thread*)+0x7c0
V  [libjvm.so+0x71b413]  SystemDictionary::resolve_or_fail(symbolHandle, Handle, Handle, bool, Thread*)+0x33
V  [libjvm.so+0x71b4f4]  SystemDictionary::resolve_or_fail(symbolHandle, bool, Thread*)+0x14
V  [libjvm.so+0x71b5a0]  SystemDictionary::initialize_wk_klass(SystemDictionary::WKID, int, Thread*)+0xa0
V  [libjvm.so+0x71b609]  SystemDictionary::initialize_wk_klasses_until(SystemDictionary::WKID, SystemDictionary::WKID&, Thread*)+0x59
V  [libjvm.so+0x71b701]  SystemDictionary::initialize_preloaded_classes(Thread*)+0x71
V  [libjvm.so+0x75ee1f]  Universe::genesis(Thread*)+0x11f
V  [libjvm.so+0x75f7cf]  universe2_init()+0x1f
V  [libjvm.so+0x472de5]  init_globals()+0x95
V  [libjvm.so+0x74961a]  Threads::create_vm(JavaVMInitArgs*, bool*)+0x1ea
V  [libjvm.so+0x4cccb1]  JNI_CreateJavaVM+0x61
C  [java+0x31ae]  JavaMain+0x7e


---------------  P R O C E S S  ---------------

Java Threads: ( => current thread )

Other Threads:

=>0x00007ff930008000 (exited) JavaThread "Unknown thread" [_thread_in_vm, id=9836, stack(0x00007ff93693c000,0x00007ff936a3d000)]

VM state:not at safepoint (not fully initialized)

VM Mutex/Monitor currently owned by a thread: None

Dynamic libraries:
00400000-00409000 r-xp 00000000 07:00 3017613                            /usr/lib/jvm/java-6-openjdk-amd64/jre/bin/java
00608000-00609000 r--p 00008000 07:00 3017613                            /usr/lib/jvm/java-6-openjdk-amd64/jre/bin/java
00609000-0060a000 rw-p 00009000 07:00 3017613                            /usr/lib/jvm/java-6-openjdk-amd64/jre/bin/java
01c44000-01c65000 rw-p 00000000 00:00 0                                  [heap]
b9200000-ba6c0000 rw-p 00000000 00:00 0 
ba6c0000-c3800000 rw-p 00000000 00:00 0 
c3800000-c6050000 rw-p 00000000 00:00 0 
c6050000-ebd60000 rw-p 00000000 00:00 0 
ebd60000-ed180000 rw-p 00000000 00:00 0 
ed180000-100000000 rw-p 00000000 00:00 0 
7ff90c000000-7ff90c021000 rw-p 00000000 00:00 0 
7ff90c021000-7ff910000000 ---p 00000000 00:00 0 
7ff914000000-7ff914021000 rw-p 00000000 00:00 0 
7ff914021000-7ff918000000 ---p 00000000 00:00 0 
7ff91c000000-7ff91c021000 rw-p 00000000 00:00 0 
7ff91c021000-7ff920000000 ---p 00000000 00:00 0 
7ff924000000-7ff924021000 rw-p 00000000 00:00 0 
7ff924021000-7ff928000000 ---p 00000000 00:00 0 
7ff92bf05000-7ff92bfcb000 r--s 0116f000 07:00 9049388                    /home/tguinard/android-sdks/platforms/android-17/android.jar
7ff92bfcb000-7ff92bff3000 rw-p 00000000 00:00 0 
7ff92bff3000-7ff92bff4000 ---p 00000000 00:00 0 
7ff92bff4000-7ff92c0f4000 rw-p 00000000 00:00 0 
7ff92c0f4000-7ff92c0f5000 ---p 00000000 00:00 0 
7ff92c0f5000-7ff92c1f5000 rw-p 00000000 00:00 0 
7ff92c1f5000-7ff92c1f6000 ---p 00000000 00:00 0 
7ff92c1f6000-7ff92c2f6000 rw-p 00000000 00:00 0 
7ff92c2f6000-7ff92c2f7000 ---p 00000000 00:00 0 
7ff92c2f7000-7ff92c402000 rw-p 00000000 00:00 0 
7ff92c402000-7ff92c44a000 rw-p 00000000 00:00 0 
7ff92c44a000-7ff92c45f000 rw-p 00000000 00:00 0 
7ff92c45f000-7ff92c58d000 rw-p 00000000 00:00 0 
7ff92c58d000-7ff92c598000 rw-p 00000000 00:00 0 
7ff92c598000-7ff92c5e0000 rw-p 00000000 00:00 0 
7ff92c5e0000-7ff92c5f5000 rw-p 00000000 00:00 0 
7ff92c5f5000-7ff92c722000 rw-p 00000000 00:00 0 
7ff92c722000-7ff92c72d000 rw-p 00000000 00:00 0 
7ff92c72d000-7ff92c7c4000 rw-p 00000000 00:00 0 
7ff92c7c4000-7ff92c7c5000 rw-p 00000000 00:00 0 
7ff92c7c5000-7ff92ca35000 rwxp 00000000 00:00 0 
7ff92ca35000-7ff92f7c5000 rw-p 00000000 00:00 0 
7ff92f7c5000-7ff92f7cc000 r-xp 00000000 07:00 3017143                    /usr/lib/jvm/java-6-openjdk-amd64/jre/lib/amd64/libzip.so
7ff92f7cc000-7ff92f9cb000 ---p 00007000 07:00 3017143                    /usr/lib/jvm/java-6-openjdk-amd64/jre/lib/amd64/libzip.so
7ff92f9cb000-7ff92f9cc000 r--p 00006000 07:00 3017143                    /usr/lib/jvm/java-6-openjdk-amd64/jre/lib/amd64/libzip.so
7ff92f9cc000-7ff92f9cd000 rw-p 00007000 07:00 3017143                    /usr/lib/jvm/java-6-openjdk-amd64/jre/lib/amd64/libzip.so
7ff92f9cd000-7ff92f9d9000 r-xp 00000000 07:00 13373924                   /lib/x86_64-linux-gnu/libnss_files-2.15.so
7ff92f9d9000-7ff92fbd8000 ---p 0000c000 07:00 13373924                   /lib/x86_64-linux-gnu/libnss_files-2.15.so
7ff92fbd8000-7ff92fbd9000 r--p 0000b000 07:00 13373924                   /lib/x86_64-linux-gnu/libnss_files-2.15.so
7ff92fbd9000-7ff92fbda000 rw-p 0000c000 07:00 13373924                   /lib/x86_64-linux-gnu/libnss_files-2.15.so
7ff92fbda000-7ff92fbe4000 r-xp 00000000 07:00 13373928                   /lib/x86_64-linux-gnu/libnss_nis-2.15.so
7ff92fbe4000-7ff92fde4000 ---p 0000a000 07:00 13373928                   /lib/x86_64-linux-gnu/libnss_nis-2.15.so
7ff92fde4000-7ff92fde5000 r--p 0000a000 07:00 13373928                   /lib/x86_64-linux-gnu/libnss_nis-2.15.so
7ff92fde5000-7ff92fde6000 rw-p 0000b000 07:00 13373928                   /lib/x86_64-linux-gnu/libnss_nis-2.15.so
7ff92fde6000-7ff92fdfd000 r-xp 00000000 07:00 13373940                   /lib/x86_64-linux-gnu/libnsl-2.15.so
7ff92fdfd000-7ff92fffc000 ---p 00017000 07:00 13373940                   /lib/x86_64-linux-gnu/libnsl-2.15.so
7ff92fffc000-7ff92fffd000 r--p 00016000 07:00 13373940                   /lib/x86_64-linux-gnu/libnsl-2.15.so
7ff92fffd000-7ff92fffe000 rw-p 00017000 07:00 13373940                   /lib/x86_64-linux-gnu/libnsl-2.15.so
7ff92fffe000-7ff930000000 rw-p 00000000 00:00 0 
7ff930000000-7ff930080000 rw-p 00000000 00:00 0 
7ff930080000-7ff934000000 ---p 00000000 00:00 0 
7ff93401d000-7ff934025000 r-xp 00000000 07:00 13373922                   /lib/x86_64-linux-gnu/libnss_compat-2.15.so
7ff934025000-7ff934224000 ---p 00008000 07:00 13373922                   /lib/x86_64-linux-gnu/libnss_compat-2.15.so
7ff934224000-7ff934225000 r--p 00007000 07:00 13373922                   /lib/x86_64-linux-gnu/libnss_compat-2.15.so
7ff934225000-7ff934226000 rw-p 00008000 07:00 13373922                   /lib/x86_64-linux-gnu/libnss_compat-2.15.so
7ff934226000-7ff934252000 r-xp 00000000 07:00 3017049                    /usr/lib/jvm/java-6-openjdk-amd64/jre/lib/amd64/libjava.so
7ff934252000-7ff934451000 ---p 0002c000 07:00 3017049                    /usr/lib/jvm/java-6-openjdk-amd64/jre/lib/amd64/libjava.so
7ff934451000-7ff934452000 r--p 0002b000 07:00 3017049                    /usr/lib/jvm/java-6-openjdk-amd64/jre/lib/amd64/libjava.so
7ff934452000-7ff934455000 rw-p 0002c000 07:00 3017049                    /usr/lib/jvm/java-6-openjdk-amd64/jre/lib/amd64/libjava.so
7ff934455000-7ff934463000 r-xp 00000000 07:00 3017161                    /usr/lib/jvm/java-6-openjdk-amd64/jre/lib/amd64/libverify.so
7ff934463000-7ff934662000 ---p 0000e000 07:00 3017161                    /usr/lib/jvm/java-6-openjdk-amd64/jre/lib/amd64/libverify.so
7ff934662000-7ff934664000 r--p 0000d000 07:00 3017161                    /usr/lib/jvm/java-6-openjdk-amd64/jre/lib/amd64/libverify.so
7ff934664000-7ff934665000 rw-p 0000f000 07:00 3017161                    /usr/lib/jvm/java-6-openjdk-amd64/jre/lib/amd64/libverify.so
7ff934665000-7ff93466c000 r-xp 00000000 07:00 13373927                   /lib/x86_64-linux-gnu/librt-2.15.so
7ff93466c000-7ff93486b000 ---p 00007000 07:00 13373927                   /lib/x86_64-linux-gnu/librt-2.15.so
7ff93486b000-7ff93486c000 r--p 00006000 07:00 13373927                   /lib/x86_64-linux-gnu/librt-2.15.so
7ff93486c000-7ff93486d000 rw-p 00007000 07:00 13373927                   /lib/x86_64-linux-gnu/librt-2.15.so
7ff93486d000-7ff934882000 r-xp 00000000 07:00 13373771                   /lib/x86_64-linux-gnu/libgcc_s.so.1
7ff934882000-7ff934a81000 ---p 00015000 07:00 13373771                   /lib/x86_64-linux-gnu/libgcc_s.so.1
7ff934a81000-7ff934a82000 r--p 00014000 07:00 13373771                   /lib/x86_64-linux-gnu/libgcc_s.so.1
7ff934a82000-7ff934a83000 rw-p 00015000 07:00 13373771                   /lib/x86_64-linux-gnu/libgcc_s.so.1
7ff934a83000-7ff934b7e000 r-xp 00000000 07:00 13373931                   /lib/x86_64-linux-gnu/libm-2.15.so
7ff934b7e000-7ff934d7d000 ---p 000fb000 07:00 13373931                   /lib/x86_64-linux-gnu/libm-2.15.so
7ff934d7d000-7ff934d7e000 r--p 000fa000 07:00 13373931                   /lib/x86_64-linux-gnu/libm-2.15.so
7ff934d7e000-7ff934d7f000 rw-p 000fb000 07:00 13373931                   /lib/x86_64-linux-gnu/libm-2.15.so
7ff934d7f000-7ff934e61000 r-xp 00000000 07:00 2763181                    /usr/lib/x86_64-linux-gnu/libstdc++.so.6.0.16
7ff934e61000-7ff935060000 ---p 000e2000 07:00 2763181                    /usr/lib/x86_64-linux-gnu/libstdc++.so.6.0.16
7ff935060000-7ff935068000 r--p 000e1000 07:00 2763181                    /usr/lib/x86_64-linux-gnu/libstdc++.so.6.0.16
7ff935068000-7ff93506a000 rw-p 000e9000 07:00 2763181                    /usr/lib/x86_64-linux-gnu/libstdc++.so.6.0.16
7ff93506a000-7ff93507f000 rw-p 00000000 00:00 0 
7ff93507f000-7ff93597f000 r-xp 00000000 07:00 3017594                    /usr/lib/jvm/java-6-openjdk-amd64/jre/lib/amd64/server/libjvm.so
7ff93597f000-7ff935b7f000 ---p 00900000 07:00 3017594                    /usr/lib/jvm/java-6-openjdk-amd64/jre/lib/amd64/server/libjvm.so
7ff935b7f000-7ff935c00000 r--p 00900000 07:00 3017594                    /usr/lib/jvm/java-6-openjdk-amd64/jre/lib/amd64/server/libjvm.so
7ff935c00000-7ff935c1b000 rw-p 00981000 07:00 3017594                    /usr/lib/jvm/java-6-openjdk-amd64/jre/lib/amd64/server/libjvm.so
7ff935c1b000-7ff935c44000 rw-p 00000000 00:00 0 
7ff935c44000-7ff935c5a000 r-xp 00000000 07:00 13373818                   /lib/x86_64-linux-gnu/libz.so.1.2.3.4
7ff935c5a000-7ff935e59000 ---p 00016000 07:00 13373818                   /lib/x86_64-linux-gnu/libz.so.1.2.3.4
7ff935e59000-7ff935e5a000 r--p 00015000 07:00 13373818                   /lib/x86_64-linux-gnu/libz.so.1.2.3.4
7ff935e5a000-7ff935e5b000 rw-p 00016000 07:00 13373818                   /lib/x86_64-linux-gnu/libz.so.1.2.3.4
7ff935e5b000-7ff936010000 r-xp 00000000 07:00 13373920                   /lib/x86_64-linux-gnu/libc-2.15.so
7ff936010000-7ff936210000 ---p 001b5000 07:00 13373920                   /lib/x86_64-linux-gnu/libc-2.15.so
7ff936210000-7ff936214000 r--p 001b5000 07:00 13373920                   /lib/x86_64-linux-gnu/libc-2.15.so
7ff936214000-7ff936216000 rw-p 001b9000 07:00 13373920                   /lib/x86_64-linux-gnu/libc-2.15.so
7ff936216000-7ff93621b000 rw-p 00000000 00:00 0 
7ff93621b000-7ff93621d000 r-xp 00000000 07:00 13373935                   /lib/x86_64-linux-gnu/libdl-2.15.so
7ff93621d000-7ff93641d000 ---p 00002000 07:00 13373935                   /lib/x86_64-linux-gnu/libdl-2.15.so
7ff93641d000-7ff93641e000 r--p 00002000 07:00 13373935                   /lib/x86_64-linux-gnu/libdl-2.15.so
7ff93641e000-7ff93641f000 rw-p 00003000 07:00 13373935                   /lib/x86_64-linux-gnu/libdl-2.15.so
7ff93641f000-7ff936423000 r-xp 00000000 07:00 3017599                    /usr/lib/jvm/java-6-openjdk-amd64/jre/lib/amd64/jli/libjli.so
7ff936423000-7ff936622000 ---p 00004000 07:00 3017599                    /usr/lib/jvm/java-6-openjdk-amd64/jre/lib/amd64/jli/libjli.so
7ff936622000-7ff936623000 r--p 00003000 07:00 3017599                    /usr/lib/jvm/java-6-openjdk-amd64/jre/lib/amd64/jli/libjli.so
7ff936623000-7ff936624000 rw-p 00004000 07:00 3017599                    /usr/lib/jvm/java-6-openjdk-amd64/jre/lib/amd64/jli/libjli.so
7ff936624000-7ff93663c000 r-xp 00000000 07:00 13373929                   /lib/x86_64-linux-gnu/libpthread-2.15.so
7ff93663c000-7ff93683b000 ---p 00018000 07:00 13373929                   /lib/x86_64-linux-gnu/libpthread-2.15.so
7ff93683b000-7ff93683c000 r--p 00017000 07:00 13373929                   /lib/x86_64-linux-gnu/libpthread-2.15.so
7ff93683c000-7ff93683d000 rw-p 00018000 07:00 13373929                   /lib/x86_64-linux-gnu/libpthread-2.15.so
7ff93683d000-7ff936841000 rw-p 00000000 00:00 0 
7ff936841000-7ff936863000 r-xp 00000000 07:00 13373932                   /lib/x86_64-linux-gnu/ld-2.15.so
7ff93687c000-7ff936886000 rw-p 00000000 00:00 0 
7ff936886000-7ff93693c000 rw-p 00000000 00:00 0 
7ff93693c000-7ff93693f000 ---p 00000000 00:00 0 
7ff93693f000-7ff936a42000 rw-p 00000000 00:00 0 
7ff936a57000-7ff936a5f000 rw-s 00000000 07:00 13766294                   /tmp/hsperfdata_tguinard/9831
7ff936a5f000-7ff936a60000 rw-p 00000000 00:00 0 
7ff936a60000-7ff936a61000 r--p 00000000 00:00 0 
7ff936a61000-7ff936a63000 rw-p 00000000 00:00 0 
7ff936a63000-7ff936a64000 r--p 00022000 07:00 13373932                   /lib/x86_64-linux-gnu/ld-2.15.so
7ff936a64000-7ff936a66000 rw-p 00023000 07:00 13373932                   /lib/x86_64-linux-gnu/ld-2.15.so
7fffa20b7000-7fffa20d8000 rw-p 00000000 00:00 0                          [stack]
7fffa21ff000-7fffa2200000 r-xp 00000000 00:00 0                          [vdso]
ffffffffff600000-ffffffffff601000 r-xp 00000000 00:00 0                  [vsyscall]

VM Arguments:
jvm_args: -Dfile.encoding=UTF-8 -Xbootclasspath:/home/tguinard/android-sdks/platforms/android-17/android.jar:/home/tguinard/android-sdks/add-ons/addon-google_apis-google-17/libs/effects.jar:/home/tguinard/android-sdks/add-ons/addon-google_apis-google-17/libs/usb.jar:/home/tguinard/android-sdks/add-ons/addon-google_apis-google-17/libs/maps.jar 
java_command: com.cs326.team5.qr_labyrinth.Test
Launcher Type: SUN_STANDARD

Environment Variables:
PATH=/usr/lib/lightdm/lightdm:/usr/local/sbin:/usr/local/bin:/usr/sbin:/usr/bin:/sbin:/bin:/usr/games:/opt/android-sdk-linux/tools:/opt/android-sdk-linux/platform-tools
LD_LIBRARY_PATH=/usr/lib/jvm/java-6-openjdk-amd64/jre/lib/amd64/server:/usr/lib/jvm/java-6-openjdk-amd64/jre/lib/amd64:/usr/lib/jvm/java-6-openjdk-amd64/jre/../lib/amd64
SHELL=/bin/bash
DISPLAY=:0

Signal Handlers:
SIGSEGV: [libjvm.so+0x7837c0], sa_mask[0]=0x7ffbfeff, sa_flags=0x10000004
SIGBUS: [libjvm.so+0x7837c0], sa_mask[0]=0x7ffbfeff, sa_flags=0x10000004
SIGFPE: [libjvm.so+0x647740], sa_mask[0]=0x7ffbfeff, sa_flags=0x10000004
SIGPIPE: [libjvm.so+0x647740], sa_mask[0]=0x7ffbfeff, sa_flags=0x10000004
SIGXFSZ: [libjvm.so+0x647740], sa_mask[0]=0x7ffbfeff, sa_flags=0x10000004
SIGILL: [libjvm.so+0x647740], sa_mask[0]=0x7ffbfeff, sa_flags=0x10000004
SIGUSR1: SIG_DFL, sa_mask[0]=0x00000000, sa_flags=0x00000000
SIGUSR2: [libjvm.so+0x647920], sa_mask[0]=0x00000004, sa_flags=0x10000004
SIGHUP: SIG_DFL, sa_mask[0]=0x00000000, sa_flags=0x00000000
SIGINT: SIG_DFL, sa_mask[0]=0x00000000, sa_flags=0x00000000
SIGTERM: SIG_DFL, sa_mask[0]=0x00000000, sa_flags=0x00000000
SIGQUIT: SIG_DFL, sa_mask[0]=0x00000000, sa_flags=0x00000000


---------------  S Y S T E M  ---------------

OS:Ubuntu 12.04 (precise)
uname:Linux 3.2.0-58-generic #88-Ubuntu SMP Tue Dec 3 17:37:58 UTC 2013 x86_64
libc:glibc 2.15 NPTL 2.15 
rlimit: STACK 8192k, CORE 0k, NPROC 30785, NOFILE 4096, AS infinity
load average:1.02 0.44 0.51

/proc/meminfo:
MemTotal:        3958160 kB
MemFree:          116752 kB
Buffers:          929788 kB
Cached:          1407492 kB
SwapCached:          736 kB
Active:          1960596 kB
Inactive:        1631200 kB
Active(anon):    1135628 kB
Inactive(anon):   432108 kB
Active(file):     824968 kB
Inactive(file):  1199092 kB
Unevictable:        2680 kB
Mlocked:               0 kB
SwapTotal:        262140 kB
SwapFree:         259252 kB
Dirty:              4880 kB
Writeback:             4 kB
AnonPages:       1256840 kB
Mapped:           132328 kB
Shmem:            310320 kB
Slab:             141736 kB
SReclaimable:     106600 kB
SUnreclaim:        35136 kB
KernelStack:        3600 kB
PageTables:        27452 kB
NFS_Unstable:          0 kB
Bounce:                0 kB
WritebackTmp:          0 kB
CommitLimit:     2241220 kB
Committed_AS:    3704180 kB
VmallocTotal:   34359738367 kB
VmallocUsed:      358932 kB
VmallocChunk:   34359333260 kB
HardwareCorrupted:     0 kB
AnonHugePages:         0 kB
HugePages_Total:       0
HugePages_Free:        0
HugePages_Rsvd:        0
HugePages_Surp:        0
Hugepagesize:       2048 kB
DirectMap4k:       53248 kB
DirectMap2M:     4057088 kB


CPU:total 4 (2 cores per cpu, 2 threads per core) family 6 model 42 stepping 7, cmov, cx8, fxsr, mmx, sse, sse2, sse3, ssse3, sse4.1, sse4.2, popcnt, ht

Memory: 4k page, physical 3958160k(116752k free), swap 262140k(259252k free)

vm_info: OpenJDK 64-Bit Server VM (20.0-b12) for linux-amd64 JRE (1.6.0_27-b27), built on Nov 16 2013 15:13:05 by "buildd" with gcc 4.6.3

time: Thu Apr 17 21:15:45 2014
elapsed time: 0 seconds

